<?xml version="1.0" encoding="UTF-8"?>
<!-- Generated by org.testng.reporters.JUnitXMLReporter -->
<testsuite ignored="2" hostname="LTIN242024" failures="0" tests="1" name="Default test" time="37.706" errors="0" timestamp="2024-02-21T11:17:59 IST">
  <testcase classname="com.tests.AllTests" name="usedCars" time="18.763"/>
  <testcase classname="com.tests.AllTests" name="upComingBikes" time="0.0">
    <ignored/>
  </testcase> <!-- upComingBikes -->
  <testcase classname="com.tests.AllTests" name="testGoogleSignIn" time="0.0">
    <ignored/>
  </testcase> <!-- testGoogleSignIn -->
</testsuite> <!-- Default test -->
