<?xml version="1.0" encoding="UTF-8"?>
<!-- Generated by org.testng.reporters.JUnitXMLReporter -->
<testsuite ignored="0" hostname="LTIN242024" failures="0" tests="3" name="Test" time="99.489" errors="0" timestamp="2024-02-26T23:12:12 IST">
  <testcase classname="com.tests.AllTests" name="upComingBikes" time="19.935"/>
  <testcase classname="com.tests.AllTests" name="usedCars" time="16.995"/>
  <testcase classname="com.tests.AllTests" name="testGoogleSignIn" time="22.408"/>
</testsuite> <!-- Test -->
