<?xml version="1.0" encoding="UTF-8"?>
<!-- Generated by org.testng.reporters.JUnitXMLReporter -->
<testsuite ignored="0" hostname="LTIN242024" failures="0" tests="3" name="Test" time="164.49" errors="0" timestamp="2024-02-28T16:50:43 IST">
  <testcase classname="com.tests.AllTests" name="upComingBikes" time="22.232"/>
  <testcase classname="com.tests.AllTests" name="usedCars" time="14.644"/>
  <testcase classname="com.tests.AllTests" name="testGoogleSignIn" time="25.843"/>
</testsuite> <!-- Test -->
