<?xml version="1.0" encoding="UTF-8"?>
<testng-results ignored="0" total="3" passed="3" failed="0" skipped="0">
  <reporter-output>
  </reporter-output>
  <suite started-at="2024-02-28T16:47:58 IST" name="Suite" finished-at="2024-02-28T16:50:43 IST" duration-ms="164490">
    <groups>
    </groups>
    <test started-at="2024-02-28T16:47:58 IST" name="Test" finished-at="2024-02-28T16:50:43 IST" duration-ms="164490">
      <class name="com.tests.AllTests">
        <test-method is-config="true" signature="setup()[pri:0, instance:com.tests.AllTests@3d1cfad4]" started-at="2024-02-28T16:47:59 IST" name="setup" finished-at="2024-02-28T16:48:56 IST" duration-ms="57850" status="PASS">
          <reporter-output>
          </reporter-output>
        </test-method> <!-- setup -->
        <test-method signature="upComingBikes()[pri:1, instance:com.tests.AllTests@3d1cfad4]" started-at="2024-02-28T16:48:56 IST" name="upComingBikes" finished-at="2024-02-28T16:49:19 IST" duration-ms="22232" status="PASS">
          <reporter-output>
          </reporter-output>
        </test-method> <!-- upComingBikes -->
        <test-method is-config="true" signature="closeDriver()[pri:0, instance:com.tests.AllTests@3d1cfad4]" started-at="2024-02-28T16:49:19 IST" name="closeDriver" finished-at="2024-02-28T16:49:20 IST" duration-ms="1609" status="PASS">
          <reporter-output>
          </reporter-output>
        </test-method> <!-- closeDriver -->
        <test-method is-config="true" signature="setup()[pri:0, instance:com.tests.AllTests@3d1cfad4]" started-at="2024-02-28T16:49:20 IST" name="setup" finished-at="2024-02-28T16:49:38 IST" duration-ms="17979" status="PASS">
          <reporter-output>
          </reporter-output>
        </test-method> <!-- setup -->
        <test-method signature="usedCars()[pri:2, instance:com.tests.AllTests@3d1cfad4]" started-at="2024-02-28T16:49:38 IST" name="usedCars" finished-at="2024-02-28T16:49:53 IST" duration-ms="14644" status="PASS">
          <reporter-output>
          </reporter-output>
        </test-method> <!-- usedCars -->
        <test-method is-config="true" signature="closeDriver()[pri:0, instance:com.tests.AllTests@3d1cfad4]" started-at="2024-02-28T16:49:53 IST" name="closeDriver" finished-at="2024-02-28T16:49:54 IST" duration-ms="1355" status="PASS">
          <reporter-output>
          </reporter-output>
        </test-method> <!-- closeDriver -->
        <test-method is-config="true" signature="setup()[pri:0, instance:com.tests.AllTests@3d1cfad4]" started-at="2024-02-28T16:49:54 IST" name="setup" finished-at="2024-02-28T16:50:15 IST" duration-ms="21254" status="PASS">
          <reporter-output>
          </reporter-output>
        </test-method> <!-- setup -->
        <test-method signature="testGoogleSignIn()[pri:3, instance:com.tests.AllTests@3d1cfad4]" started-at="2024-02-28T16:50:15 IST" name="testGoogleSignIn" finished-at="2024-02-28T16:50:41 IST" duration-ms="25843" status="PASS">
          <reporter-output>
          </reporter-output>
        </test-method> <!-- testGoogleSignIn -->
        <test-method is-config="true" signature="closeDriver()[pri:0, instance:com.tests.AllTests@3d1cfad4]" started-at="2024-02-28T16:50:41 IST" name="closeDriver" finished-at="2024-02-28T16:50:43 IST" duration-ms="1625" status="PASS">
          <reporter-output>
          </reporter-output>
        </test-method> <!-- closeDriver -->
      </class> <!-- com.tests.AllTests -->
    </test> <!-- Test -->
  </suite> <!-- Suite -->
</testng-results>
