<?xml version="1.0" encoding="UTF-8"?>
<testng-results ignored="0" total="3" passed="3" failed="0" skipped="0">
  <reporter-output>
  </reporter-output>
  <suite started-at="2024-02-27T12:42:35 IST" name="Suite" finished-at="2024-02-27T12:44:01 IST" duration-ms="85898">
    <groups>
    </groups>
    <test started-at="2024-02-27T12:42:35 IST" name="Test" finished-at="2024-02-27T12:44:01 IST" duration-ms="85898">
      <class name="com.tests.AllTests">
        <test-method is-config="true" signature="setup()[pri:0, instance:com.tests.AllTests@24105dc5]" started-at="2024-02-27T12:42:35 IST" name="setup" finished-at="2024-02-27T12:42:46 IST" duration-ms="10945" status="PASS">
          <reporter-output>
          </reporter-output>
        </test-method> <!-- setup -->
        <test-method signature="upComingBikes()[pri:1, instance:com.tests.AllTests@24105dc5]" started-at="2024-02-27T12:42:46 IST" name="upComingBikes" finished-at="2024-02-27T12:43:01 IST" duration-ms="15236" status="PASS">
          <reporter-output>
          </reporter-output>
        </test-method> <!-- upComingBikes -->
        <test-method is-config="true" signature="closeDriver()[pri:0, instance:com.tests.AllTests@24105dc5]" started-at="2024-02-27T12:43:01 IST" name="closeDriver" finished-at="2024-02-27T12:43:03 IST" duration-ms="1372" status="PASS">
          <reporter-output>
          </reporter-output>
        </test-method> <!-- closeDriver -->
        <test-method is-config="true" signature="setup()[pri:0, instance:com.tests.AllTests@24105dc5]" started-at="2024-02-27T12:43:03 IST" name="setup" finished-at="2024-02-27T12:43:14 IST" duration-ms="11285" status="PASS">
          <reporter-output>
          </reporter-output>
        </test-method> <!-- setup -->
        <test-method signature="usedCars()[pri:2, instance:com.tests.AllTests@24105dc5]" started-at="2024-02-27T12:43:14 IST" name="usedCars" finished-at="2024-02-27T12:43:29 IST" duration-ms="15069" status="PASS">
          <reporter-output>
          </reporter-output>
        </test-method> <!-- usedCars -->
        <test-method is-config="true" signature="closeDriver()[pri:0, instance:com.tests.AllTests@24105dc5]" started-at="2024-02-27T12:43:29 IST" name="closeDriver" finished-at="2024-02-27T12:43:31 IST" duration-ms="1347" status="PASS">
          <reporter-output>
          </reporter-output>
        </test-method> <!-- closeDriver -->
        <test-method is-config="true" signature="setup()[pri:0, instance:com.tests.AllTests@24105dc5]" started-at="2024-02-27T12:43:31 IST" name="setup" finished-at="2024-02-27T12:43:41 IST" duration-ms="10702" status="PASS">
          <reporter-output>
          </reporter-output>
        </test-method> <!-- setup -->
        <test-method signature="testGoogleSignIn()[pri:3, instance:com.tests.AllTests@24105dc5]" started-at="2024-02-27T12:43:41 IST" name="testGoogleSignIn" finished-at="2024-02-27T12:44:00 IST" duration-ms="18552" status="PASS">
          <reporter-output>
          </reporter-output>
        </test-method> <!-- testGoogleSignIn -->
        <test-method is-config="true" signature="closeDriver()[pri:0, instance:com.tests.AllTests@24105dc5]" started-at="2024-02-27T12:44:00 IST" name="closeDriver" finished-at="2024-02-27T12:44:01 IST" duration-ms="1316" status="PASS">
          <reporter-output>
          </reporter-output>
        </test-method> <!-- closeDriver -->
      </class> <!-- com.tests.AllTests -->
    </test> <!-- Test -->
  </suite> <!-- Suite -->
</testng-results>
