<?xml version="1.0" encoding="UTF-8"?>
<testng-results ignored="0" total="3" passed="3" failed="0" skipped="0">
  <reporter-output>
  </reporter-output>
  <suite started-at="2024-02-26T23:10:33 IST" name="Suite" finished-at="2024-02-26T23:12:12 IST" duration-ms="99489">
    <groups>
    </groups>
    <test started-at="2024-02-26T23:10:33 IST" name="Test" finished-at="2024-02-26T23:12:12 IST" duration-ms="99489">
      <class name="com.tests.AllTests">
        <test-method is-config="true" signature="setup()[pri:0, instance:com.tests.AllTests@b83a9be]" started-at="2024-02-26T23:10:33 IST" name="setup" finished-at="2024-02-26T23:10:45 IST" duration-ms="12730" status="PASS">
          <reporter-output>
          </reporter-output>
        </test-method> <!-- setup -->
        <test-method signature="upComingBikes()[pri:1, instance:com.tests.AllTests@b83a9be]" started-at="2024-02-26T23:10:45 IST" name="upComingBikes" finished-at="2024-02-26T23:11:05 IST" duration-ms="19935" status="PASS">
          <reporter-output>
          </reporter-output>
        </test-method> <!-- upComingBikes -->
        <test-method is-config="true" signature="closeDriver()[pri:0, instance:com.tests.AllTests@b83a9be]" started-at="2024-02-26T23:11:05 IST" name="closeDriver" finished-at="2024-02-26T23:11:07 IST" duration-ms="1382" status="PASS">
          <reporter-output>
          </reporter-output>
        </test-method> <!-- closeDriver -->
        <test-method is-config="true" signature="setup()[pri:0, instance:com.tests.AllTests@b83a9be]" started-at="2024-02-26T23:11:07 IST" name="setup" finished-at="2024-02-26T23:11:18 IST" duration-ms="11105" status="PASS">
          <reporter-output>
          </reporter-output>
        </test-method> <!-- setup -->
        <test-method signature="usedCars()[pri:2, instance:com.tests.AllTests@b83a9be]" started-at="2024-02-26T23:11:18 IST" name="usedCars" finished-at="2024-02-26T23:11:35 IST" duration-ms="16995" status="PASS">
          <reporter-output>
          </reporter-output>
        </test-method> <!-- usedCars -->
        <test-method is-config="true" signature="closeDriver()[pri:0, instance:com.tests.AllTests@b83a9be]" started-at="2024-02-26T23:11:35 IST" name="closeDriver" finished-at="2024-02-26T23:11:36 IST" duration-ms="1494" status="PASS">
          <reporter-output>
          </reporter-output>
        </test-method> <!-- closeDriver -->
        <test-method is-config="true" signature="setup()[pri:0, instance:com.tests.AllTests@b83a9be]" started-at="2024-02-26T23:11:36 IST" name="setup" finished-at="2024-02-26T23:11:48 IST" duration-ms="12055" status="PASS">
          <reporter-output>
          </reporter-output>
        </test-method> <!-- setup -->
        <test-method signature="testGoogleSignIn()[pri:3, instance:com.tests.AllTests@b83a9be]" started-at="2024-02-26T23:11:48 IST" name="testGoogleSignIn" finished-at="2024-02-26T23:12:11 IST" duration-ms="22408" status="PASS">
          <reporter-output>
          </reporter-output>
        </test-method> <!-- testGoogleSignIn -->
        <test-method is-config="true" signature="closeDriver()[pri:0, instance:com.tests.AllTests@b83a9be]" started-at="2024-02-26T23:12:11 IST" name="closeDriver" finished-at="2024-02-26T23:12:12 IST" duration-ms="1256" status="PASS">
          <reporter-output>
          </reporter-output>
        </test-method> <!-- closeDriver -->
      </class> <!-- com.tests.AllTests -->
    </test> <!-- Test -->
  </suite> <!-- Suite -->
</testng-results>
